2024-02-27 14:00:27,534 - [ERROR] - aiogram.event - (dispatcher.py)._process_update(315) - Cause exception while process update id=240532589 by bot id=5300290217
FileNotFoundError: [Errno 2] No such file or directory: 'users_files/434947488/file_5.jpg'
Traceback (most recent call last):
  File "c:\Users\RU20046792\Projects\Bot_sc_AIO3\.venv\lib\site-packages\aiogram\dispatcher\dispatcher.py", line 309, in _process_update
    response = await self.feed_update(bot, update, **kwargs)
  File "c:\Users\RU20046792\Projects\Bot_sc_AIO3\.venv\lib\site-packages\aiogram\dispatcher\dispatcher.py", line 158, in feed_update
    response = await self.update.wrap_outer_middleware(
  File "c:\Users\RU20046792\Projects\Bot_sc_AIO3\.venv\lib\site-packages\aiogram\dispatcher\middlewares\error.py", line 25, in __call__
    return await handler(event, data)
  File "c:\Users\RU20046792\Projects\Bot_sc_AIO3\.venv\lib\site-packages\aiogram\dispatcher\middlewares\user_context.py", line 27, in __call__
    return await handler(event, data)
  File "c:\Users\RU20046792\Projects\Bot_sc_AIO3\.venv\lib\site-packages\aiogram\fsm\middleware.py", line 41, in __call__
    return await handler(event, data)
  File "c:\Users\RU20046792\Projects\Bot_sc_AIO3\.venv\lib\site-packages\aiogram\dispatcher\event\telegram.py", line 121, in trigger
    return await wrapped_inner(event, kwargs)
  File "c:\Users\RU20046792\Projects\Bot_sc_AIO3\.venv\lib\site-packages\aiogram\dispatcher\event\handler.py", line 43, in call
    return await wrapped()
  File "c:\Users\RU20046792\Projects\Bot_sc_AIO3\.venv\lib\site-packages\aiogram\dispatcher\dispatcher.py", line 276, in _listen_update
    return await self.propagate_event(update_type=update_type, event=event, **kwargs)
  File "c:\Users\RU20046792\Projects\Bot_sc_AIO3\.venv\lib\site-packages\aiogram\dispatcher\router.py", line 128, in propagate_event
    return await observer.wrap_outer_middleware(_wrapped, event=event, data=kwargs)
  File "c:\Users\RU20046792\Projects\Bot_sc_AIO3\.venv\lib\site-packages\aiogram\dispatcher\router.py", line 123, in _wrapped
    return await self._propagate_event(
  File "c:\Users\RU20046792\Projects\Bot_sc_AIO3\.venv\lib\site-packages\aiogram\dispatcher\router.py", line 156, in _propagate_event
    response = await router.propagate_event(update_type=update_type, event=event, **kwargs)
  File "c:\Users\RU20046792\Projects\Bot_sc_AIO3\.venv\lib\site-packages\aiogram\dispatcher\router.py", line 128, in propagate_event
    return await observer.wrap_outer_middleware(_wrapped, event=event, data=kwargs)
  File "c:\Users\RU20046792\Projects\Bot_sc_AIO3\.venv\lib\site-packages\aiogram\dispatcher\router.py", line 123, in _wrapped
    return await self._propagate_event(
  File "c:\Users\RU20046792\Projects\Bot_sc_AIO3\.venv\lib\site-packages\aiogram\dispatcher\router.py", line 148, in _propagate_event
    response = await observer.trigger(event, **kwargs)
  File "c:\Users\RU20046792\Projects\Bot_sc_AIO3\.venv\lib\site-packages\aiogram\dispatcher\event\telegram.py", line 121, in trigger
    return await wrapped_inner(event, kwargs)
  File "C:\Users\RU20046792\Projects\Bot_sc_AIO3\middlewire\middlewares.py", line 31, in __call__
    result = await handler(event, data)
  File "c:\Users\RU20046792\Projects\Bot_sc_AIO3\.venv\lib\site-packages\aiogram\dispatcher\event\handler.py", line 43, in call
    return await wrapped()
  File "C:\Users\RU20046792\Projects\Bot_sc_AIO3\handlers\different_types.py", line 58, in pure_answer
    await message.bot.download(file=message.photo[-1].file_id, destination=f'{src}')
  File "c:\Users\RU20046792\Projects\Bot_sc_AIO3\.venv\lib\site-packages\aiogram\client\bot.py", line 428, in download
    return await self.download_file(
  File "c:\Users\RU20046792\Projects\Bot_sc_AIO3\.venv\lib\site-packages\aiogram\client\bot.py", line 383, in download_file
    await self.__download_file(destination=destination, stream=stream)
  File "c:\Users\RU20046792\Projects\Bot_sc_AIO3\.venv\lib\site-packages\aiogram\client\bot.py", line 331, in __download_file
    async with aiofiles.open(destination, "wb") as f:
  File "c:\Users\RU20046792\Projects\Bot_sc_AIO3\.venv\lib\site-packages\aiofiles\base.py", line 98, in __aenter__
    self._obj = await self._coro
  File "c:\Users\RU20046792\Projects\Bot_sc_AIO3\.venv\lib\site-packages\aiofiles\threadpool\__init__.py", line 94, in _open
    f = yield from loop.run_in_executor(executor, cb)
  File "C:\Users\RU20046792\AppData\Local\Programs\Python\Python310\lib\concurrent\futures\thread.py", line 58, in run
    result = self.fn(*self.args, **self.kwargs)
FileNotFoundError: [Errno 2] No such file or directory: 'users_files/434947488/file_5.jpg'
2024-02-27 14:03:11,335 - [ERROR] - aiogram.event - (dispatcher.py)._process_update(315) - Cause exception while process update id=240532590 by bot id=5300290217
FileNotFoundError: [Errno 2] No such file or directory: 'users_files/434947488/file_5.jpg'
Traceback (most recent call last):
  File "c:\Users\RU20046792\Projects\Bot_sc_AIO3\.venv\lib\site-packages\aiogram\dispatcher\dispatcher.py", line 309, in _process_update
    response = await self.feed_update(bot, update, **kwargs)
  File "c:\Users\RU20046792\Projects\Bot_sc_AIO3\.venv\lib\site-packages\aiogram\dispatcher\dispatcher.py", line 158, in feed_update
    response = await self.update.wrap_outer_middleware(
  File "c:\Users\RU20046792\Projects\Bot_sc_AIO3\.venv\lib\site-packages\aiogram\dispatcher\middlewares\error.py", line 25, in __call__
    return await handler(event, data)
  File "c:\Users\RU20046792\Projects\Bot_sc_AIO3\.venv\lib\site-packages\aiogram\dispatcher\middlewares\user_context.py", line 27, in __call__
    return await handler(event, data)
  File "c:\Users\RU20046792\Projects\Bot_sc_AIO3\.venv\lib\site-packages\aiogram\fsm\middleware.py", line 41, in __call__
    return await handler(event, data)
  File "c:\Users\RU20046792\Projects\Bot_sc_AIO3\.venv\lib\site-packages\aiogram\dispatcher\event\telegram.py", line 121, in trigger
    return await wrapped_inner(event, kwargs)
  File "c:\Users\RU20046792\Projects\Bot_sc_AIO3\.venv\lib\site-packages\aiogram\dispatcher\event\handler.py", line 43, in call
    return await wrapped()
  File "c:\Users\RU20046792\Projects\Bot_sc_AIO3\.venv\lib\site-packages\aiogram\dispatcher\dispatcher.py", line 276, in _listen_update
    return await self.propagate_event(update_type=update_type, event=event, **kwargs)
  File "c:\Users\RU20046792\Projects\Bot_sc_AIO3\.venv\lib\site-packages\aiogram\dispatcher\router.py", line 128, in propagate_event
    return await observer.wrap_outer_middleware(_wrapped, event=event, data=kwargs)
  File "c:\Users\RU20046792\Projects\Bot_sc_AIO3\.venv\lib\site-packages\aiogram\dispatcher\router.py", line 123, in _wrapped
    return await self._propagate_event(
  File "c:\Users\RU20046792\Projects\Bot_sc_AIO3\.venv\lib\site-packages\aiogram\dispatcher\router.py", line 156, in _propagate_event
    response = await router.propagate_event(update_type=update_type, event=event, **kwargs)
  File "c:\Users\RU20046792\Projects\Bot_sc_AIO3\.venv\lib\site-packages\aiogram\dispatcher\router.py", line 128, in propagate_event
    return await observer.wrap_outer_middleware(_wrapped, event=event, data=kwargs)
  File "c:\Users\RU20046792\Projects\Bot_sc_AIO3\.venv\lib\site-packages\aiogram\dispatcher\router.py", line 123, in _wrapped
    return await self._propagate_event(
  File "c:\Users\RU20046792\Projects\Bot_sc_AIO3\.venv\lib\site-packages\aiogram\dispatcher\router.py", line 148, in _propagate_event
    response = await observer.trigger(event, **kwargs)
  File "c:\Users\RU20046792\Projects\Bot_sc_AIO3\.venv\lib\site-packages\aiogram\dispatcher\event\telegram.py", line 121, in trigger
    return await wrapped_inner(event, kwargs)
  File "C:\Users\RU20046792\Projects\Bot_sc_AIO3\middlewire\middlewares.py", line 31, in __call__
    result = await handler(event, data)
  File "c:\Users\RU20046792\Projects\Bot_sc_AIO3\.venv\lib\site-packages\aiogram\dispatcher\event\handler.py", line 43, in call
    return await wrapped()
  File "C:\Users\RU20046792\Projects\Bot_sc_AIO3\handlers\different_types.py", line 58, in pure_answer
    await message.bot.download(file=message.photo[-1].file_id, destination=f'{src}')
  File "c:\Users\RU20046792\Projects\Bot_sc_AIO3\.venv\lib\site-packages\aiogram\client\bot.py", line 428, in download
    return await self.download_file(
  File "c:\Users\RU20046792\Projects\Bot_sc_AIO3\.venv\lib\site-packages\aiogram\client\bot.py", line 383, in download_file
    await self.__download_file(destination=destination, stream=stream)
  File "c:\Users\RU20046792\Projects\Bot_sc_AIO3\.venv\lib\site-packages\aiogram\client\bot.py", line 331, in __download_file
    async with aiofiles.open(destination, "wb") as f:
  File "c:\Users\RU20046792\Projects\Bot_sc_AIO3\.venv\lib\site-packages\aiofiles\base.py", line 98, in __aenter__
    self._obj = await self._coro
  File "c:\Users\RU20046792\Projects\Bot_sc_AIO3\.venv\lib\site-packages\aiofiles\threadpool\__init__.py", line 94, in _open
    f = yield from loop.run_in_executor(executor, cb)
  File "C:\Users\RU20046792\AppData\Local\Programs\Python\Python310\lib\concurrent\futures\thread.py", line 58, in run
    result = self.fn(*self.args, **self.kwargs)
FileNotFoundError: [Errno 2] No such file or directory: 'users_files/434947488/file_5.jpg'
2024-02-27 14:03:48,374 - [ERROR] - aiogram.event - (dispatcher.py)._process_update(315) - Cause exception while process update id=240532592 by bot id=5300290217
IndexError: list index out of range
Traceback (most recent call last):
  File "c:\Users\RU20046792\Projects\Bot_sc_AIO3\.venv\lib\site-packages\aiogram\dispatcher\dispatcher.py", line 309, in _process_update
    response = await self.feed_update(bot, update, **kwargs)
  File "c:\Users\RU20046792\Projects\Bot_sc_AIO3\.venv\lib\site-packages\aiogram\dispatcher\dispatcher.py", line 158, in feed_update
    response = await self.update.wrap_outer_middleware(
  File "c:\Users\RU20046792\Projects\Bot_sc_AIO3\.venv\lib\site-packages\aiogram\dispatcher\middlewares\error.py", line 25, in __call__
    return await handler(event, data)
  File "c:\Users\RU20046792\Projects\Bot_sc_AIO3\.venv\lib\site-packages\aiogram\dispatcher\middlewares\user_context.py", line 27, in __call__
    return await handler(event, data)
  File "c:\Users\RU20046792\Projects\Bot_sc_AIO3\.venv\lib\site-packages\aiogram\fsm\middleware.py", line 41, in __call__
    return await handler(event, data)
  File "c:\Users\RU20046792\Projects\Bot_sc_AIO3\.venv\lib\site-packages\aiogram\dispatcher\event\telegram.py", line 121, in trigger
    return await wrapped_inner(event, kwargs)
  File "c:\Users\RU20046792\Projects\Bot_sc_AIO3\.venv\lib\site-packages\aiogram\dispatcher\event\handler.py", line 43, in call
    return await wrapped()
  File "c:\Users\RU20046792\Projects\Bot_sc_AIO3\.venv\lib\site-packages\aiogram\dispatcher\dispatcher.py", line 276, in _listen_update
    return await self.propagate_event(update_type=update_type, event=event, **kwargs)
  File "c:\Users\RU20046792\Projects\Bot_sc_AIO3\.venv\lib\site-packages\aiogram\dispatcher\router.py", line 128, in propagate_event
    return await observer.wrap_outer_middleware(_wrapped, event=event, data=kwargs)
  File "c:\Users\RU20046792\Projects\Bot_sc_AIO3\.venv\lib\site-packages\aiogram\dispatcher\router.py", line 123, in _wrapped
    return await self._propagate_event(
  File "c:\Users\RU20046792\Projects\Bot_sc_AIO3\.venv\lib\site-packages\aiogram\dispatcher\router.py", line 156, in _propagate_event
    response = await router.propagate_event(update_type=update_type, event=event, **kwargs)
  File "c:\Users\RU20046792\Projects\Bot_sc_AIO3\.venv\lib\site-packages\aiogram\dispatcher\router.py", line 128, in propagate_event
    return await observer.wrap_outer_middleware(_wrapped, event=event, data=kwargs)
  File "c:\Users\RU20046792\Projects\Bot_sc_AIO3\.venv\lib\site-packages\aiogram\dispatcher\router.py", line 123, in _wrapped
    return await self._propagate_event(
  File "c:\Users\RU20046792\Projects\Bot_sc_AIO3\.venv\lib\site-packages\aiogram\dispatcher\router.py", line 148, in _propagate_event
    response = await observer.trigger(event, **kwargs)
  File "c:\Users\RU20046792\Projects\Bot_sc_AIO3\.venv\lib\site-packages\aiogram\dispatcher\event\telegram.py", line 121, in trigger
    return await wrapped_inner(event, kwargs)
  File "C:\Users\RU20046792\Projects\Bot_sc_AIO3\middlewire\middlewares.py", line 31, in __call__
    result = await handler(event, data)
  File "c:\Users\RU20046792\Projects\Bot_sc_AIO3\.venv\lib\site-packages\aiogram\dispatcher\event\handler.py", line 43, in call
    return await wrapped()
  File "C:\Users\RU20046792\Projects\Bot_sc_AIO3\handlers\different_types.py", line 68, in pure_answer
    f_logging(message.chat.id,answ[1],answ[6])
IndexError: list index out of range
2024-02-28 13:25:04,136 - [ERROR] - aiogram.event - (dispatcher.py)._process_update(315) - Cause exception while process update id=240532597 by bot id=5300290217
TypeError: string indices must be integers
Traceback (most recent call last):
  File "c:\Users\RU20046792\Projects\Bot_sc_AIO3\.venv\lib\site-packages\aiogram\dispatcher\dispatcher.py", line 309, in _process_update
    response = await self.feed_update(bot, update, **kwargs)
  File "c:\Users\RU20046792\Projects\Bot_sc_AIO3\.venv\lib\site-packages\aiogram\dispatcher\dispatcher.py", line 158, in feed_update
    response = await self.update.wrap_outer_middleware(
  File "c:\Users\RU20046792\Projects\Bot_sc_AIO3\.venv\lib\site-packages\aiogram\dispatcher\middlewares\error.py", line 25, in __call__
    return await handler(event, data)
  File "c:\Users\RU20046792\Projects\Bot_sc_AIO3\.venv\lib\site-packages\aiogram\dispatcher\middlewares\user_context.py", line 27, in __call__
    return await handler(event, data)
  File "c:\Users\RU20046792\Projects\Bot_sc_AIO3\.venv\lib\site-packages\aiogram\fsm\middleware.py", line 41, in __call__
    return await handler(event, data)
  File "c:\Users\RU20046792\Projects\Bot_sc_AIO3\.venv\lib\site-packages\aiogram\dispatcher\event\telegram.py", line 121, in trigger
    return await wrapped_inner(event, kwargs)
  File "c:\Users\RU20046792\Projects\Bot_sc_AIO3\.venv\lib\site-packages\aiogram\dispatcher\event\handler.py", line 43, in call
    return await wrapped()
  File "c:\Users\RU20046792\Projects\Bot_sc_AIO3\.venv\lib\site-packages\aiogram\dispatcher\dispatcher.py", line 276, in _listen_update
    return await self.propagate_event(update_type=update_type, event=event, **kwargs)
  File "c:\Users\RU20046792\Projects\Bot_sc_AIO3\.venv\lib\site-packages\aiogram\dispatcher\router.py", line 128, in propagate_event
    return await observer.wrap_outer_middleware(_wrapped, event=event, data=kwargs)
  File "c:\Users\RU20046792\Projects\Bot_sc_AIO3\.venv\lib\site-packages\aiogram\dispatcher\router.py", line 123, in _wrapped
    return await self._propagate_event(
  File "c:\Users\RU20046792\Projects\Bot_sc_AIO3\.venv\lib\site-packages\aiogram\dispatcher\router.py", line 156, in _propagate_event
    response = await router.propagate_event(update_type=update_type, event=event, **kwargs)
  File "c:\Users\RU20046792\Projects\Bot_sc_AIO3\.venv\lib\site-packages\aiogram\dispatcher\router.py", line 128, in propagate_event
    return await observer.wrap_outer_middleware(_wrapped, event=event, data=kwargs)
  File "c:\Users\RU20046792\Projects\Bot_sc_AIO3\.venv\lib\site-packages\aiogram\dispatcher\router.py", line 123, in _wrapped
    return await self._propagate_event(
  File "c:\Users\RU20046792\Projects\Bot_sc_AIO3\.venv\lib\site-packages\aiogram\dispatcher\router.py", line 148, in _propagate_event
    response = await observer.trigger(event, **kwargs)
  File "c:\Users\RU20046792\Projects\Bot_sc_AIO3\.venv\lib\site-packages\aiogram\dispatcher\event\telegram.py", line 121, in trigger
    return await wrapped_inner(event, kwargs)
  File "C:\Users\RU20046792\Projects\Bot_sc_AIO3\middlewire\middlewares.py", line 31, in __call__
    result = await handler(event, data)
  File "c:\Users\RU20046792\Projects\Bot_sc_AIO3\.venv\lib\site-packages\aiogram\dispatcher\event\handler.py", line 43, in call
    return await wrapped()
  File "C:\Users\RU20046792\Projects\Bot_sc_AIO3\handlers\different_types.py", line 33, in message_scan
    f_logging(message.message_id, message.chat.id, message.content_type, message.from_user.id,
  File "C:\Users\RU20046792\Projects\Bot_sc_AIO3\utils\f_service_bot_pgsql.py", line 26, in f_logging
    metadata = jsonpickle.encode(message)["py/state"]["__dict__"]["chat"]["py/state"]["__dict__"]
TypeError: string indices must be integers
2024-02-28 13:26:11,806 - [ERROR] - aiogram.event - (dispatcher.py)._process_update(315) - Cause exception while process update id=240532598 by bot id=5300290217
TypeError: string indices must be integers
Traceback (most recent call last):
  File "c:\Users\RU20046792\Projects\Bot_sc_AIO3\.venv\lib\site-packages\aiogram\dispatcher\dispatcher.py", line 309, in _process_update
    response = await self.feed_update(bot, update, **kwargs)
  File "c:\Users\RU20046792\Projects\Bot_sc_AIO3\.venv\lib\site-packages\aiogram\dispatcher\dispatcher.py", line 158, in feed_update
    response = await self.update.wrap_outer_middleware(
  File "c:\Users\RU20046792\Projects\Bot_sc_AIO3\.venv\lib\site-packages\aiogram\dispatcher\middlewares\error.py", line 25, in __call__
    return await handler(event, data)
  File "c:\Users\RU20046792\Projects\Bot_sc_AIO3\.venv\lib\site-packages\aiogram\dispatcher\middlewares\user_context.py", line 27, in __call__
    return await handler(event, data)
  File "c:\Users\RU20046792\Projects\Bot_sc_AIO3\.venv\lib\site-packages\aiogram\fsm\middleware.py", line 41, in __call__
    return await handler(event, data)
  File "c:\Users\RU20046792\Projects\Bot_sc_AIO3\.venv\lib\site-packages\aiogram\dispatcher\event\telegram.py", line 121, in trigger
    return await wrapped_inner(event, kwargs)
  File "c:\Users\RU20046792\Projects\Bot_sc_AIO3\.venv\lib\site-packages\aiogram\dispatcher\event\handler.py", line 43, in call
    return await wrapped()
  File "c:\Users\RU20046792\Projects\Bot_sc_AIO3\.venv\lib\site-packages\aiogram\dispatcher\dispatcher.py", line 276, in _listen_update
    return await self.propagate_event(update_type=update_type, event=event, **kwargs)
  File "c:\Users\RU20046792\Projects\Bot_sc_AIO3\.venv\lib\site-packages\aiogram\dispatcher\router.py", line 128, in propagate_event
    return await observer.wrap_outer_middleware(_wrapped, event=event, data=kwargs)
  File "c:\Users\RU20046792\Projects\Bot_sc_AIO3\.venv\lib\site-packages\aiogram\dispatcher\router.py", line 123, in _wrapped
    return await self._propagate_event(
  File "c:\Users\RU20046792\Projects\Bot_sc_AIO3\.venv\lib\site-packages\aiogram\dispatcher\router.py", line 156, in _propagate_event
    response = await router.propagate_event(update_type=update_type, event=event, **kwargs)
  File "c:\Users\RU20046792\Projects\Bot_sc_AIO3\.venv\lib\site-packages\aiogram\dispatcher\router.py", line 128, in propagate_event
    return await observer.wrap_outer_middleware(_wrapped, event=event, data=kwargs)
  File "c:\Users\RU20046792\Projects\Bot_sc_AIO3\.venv\lib\site-packages\aiogram\dispatcher\router.py", line 123, in _wrapped
    return await self._propagate_event(
  File "c:\Users\RU20046792\Projects\Bot_sc_AIO3\.venv\lib\site-packages\aiogram\dispatcher\router.py", line 148, in _propagate_event
    response = await observer.trigger(event, **kwargs)
  File "c:\Users\RU20046792\Projects\Bot_sc_AIO3\.venv\lib\site-packages\aiogram\dispatcher\event\telegram.py", line 121, in trigger
    return await wrapped_inner(event, kwargs)
  File "C:\Users\RU20046792\Projects\Bot_sc_AIO3\middlewire\middlewares.py", line 31, in __call__
    result = await handler(event, data)
  File "c:\Users\RU20046792\Projects\Bot_sc_AIO3\.venv\lib\site-packages\aiogram\dispatcher\event\handler.py", line 43, in call
    return await wrapped()
  File "C:\Users\RU20046792\Projects\Bot_sc_AIO3\handlers\different_types.py", line 33, in message_scan
    f_logging(message.message_id, message.chat.id, message.content_type, message.from_user.id,
  File "C:\Users\RU20046792\Projects\Bot_sc_AIO3\utils\f_service_bot_pgsql.py", line 27, in f_logging
    m = metadata["py/state"]["__dict__"]["chat"]["py/state"]["__dict__"]
TypeError: string indices must be integers
2024-02-28 13:27:14,869 - [ERROR] - aiogram.event - (dispatcher.py)._process_update(315) - Cause exception while process update id=240532599 by bot id=5300290217
TypeError: string indices must be integers
Traceback (most recent call last):
  File "c:\Users\RU20046792\Projects\Bot_sc_AIO3\.venv\lib\site-packages\aiogram\dispatcher\dispatcher.py", line 309, in _process_update
    response = await self.feed_update(bot, update, **kwargs)
  File "c:\Users\RU20046792\Projects\Bot_sc_AIO3\.venv\lib\site-packages\aiogram\dispatcher\dispatcher.py", line 158, in feed_update
    response = await self.update.wrap_outer_middleware(
  File "c:\Users\RU20046792\Projects\Bot_sc_AIO3\.venv\lib\site-packages\aiogram\dispatcher\middlewares\error.py", line 25, in __call__
    return await handler(event, data)
  File "c:\Users\RU20046792\Projects\Bot_sc_AIO3\.venv\lib\site-packages\aiogram\dispatcher\middlewares\user_context.py", line 27, in __call__
    return await handler(event, data)
  File "c:\Users\RU20046792\Projects\Bot_sc_AIO3\.venv\lib\site-packages\aiogram\fsm\middleware.py", line 41, in __call__
    return await handler(event, data)
  File "c:\Users\RU20046792\Projects\Bot_sc_AIO3\.venv\lib\site-packages\aiogram\dispatcher\event\telegram.py", line 121, in trigger
    return await wrapped_inner(event, kwargs)
  File "c:\Users\RU20046792\Projects\Bot_sc_AIO3\.venv\lib\site-packages\aiogram\dispatcher\event\handler.py", line 43, in call
    return await wrapped()
  File "c:\Users\RU20046792\Projects\Bot_sc_AIO3\.venv\lib\site-packages\aiogram\dispatcher\dispatcher.py", line 276, in _listen_update
    return await self.propagate_event(update_type=update_type, event=event, **kwargs)
  File "c:\Users\RU20046792\Projects\Bot_sc_AIO3\.venv\lib\site-packages\aiogram\dispatcher\router.py", line 128, in propagate_event
    return await observer.wrap_outer_middleware(_wrapped, event=event, data=kwargs)
  File "c:\Users\RU20046792\Projects\Bot_sc_AIO3\.venv\lib\site-packages\aiogram\dispatcher\router.py", line 123, in _wrapped
    return await self._propagate_event(
  File "c:\Users\RU20046792\Projects\Bot_sc_AIO3\.venv\lib\site-packages\aiogram\dispatcher\router.py", line 156, in _propagate_event
    response = await router.propagate_event(update_type=update_type, event=event, **kwargs)
  File "c:\Users\RU20046792\Projects\Bot_sc_AIO3\.venv\lib\site-packages\aiogram\dispatcher\router.py", line 128, in propagate_event
    return await observer.wrap_outer_middleware(_wrapped, event=event, data=kwargs)
  File "c:\Users\RU20046792\Projects\Bot_sc_AIO3\.venv\lib\site-packages\aiogram\dispatcher\router.py", line 123, in _wrapped
    return await self._propagate_event(
  File "c:\Users\RU20046792\Projects\Bot_sc_AIO3\.venv\lib\site-packages\aiogram\dispatcher\router.py", line 148, in _propagate_event
    response = await observer.trigger(event, **kwargs)
  File "c:\Users\RU20046792\Projects\Bot_sc_AIO3\.venv\lib\site-packages\aiogram\dispatcher\event\telegram.py", line 121, in trigger
    return await wrapped_inner(event, kwargs)
  File "C:\Users\RU20046792\Projects\Bot_sc_AIO3\middlewire\middlewares.py", line 31, in __call__
    result = await handler(event, data)
  File "c:\Users\RU20046792\Projects\Bot_sc_AIO3\.venv\lib\site-packages\aiogram\dispatcher\event\handler.py", line 43, in call
    return await wrapped()
  File "C:\Users\RU20046792\Projects\Bot_sc_AIO3\handlers\different_types.py", line 33, in message_scan
    f_logging(message.message_id, message.chat.id, message.content_type, message.from_user.id,
  File "C:\Users\RU20046792\Projects\Bot_sc_AIO3\utils\f_service_bot_pgsql.py", line 27, in f_logging
    m = metadata["py/state"]["__dict__"]["chat"]["py/state"]["__dict__"]
TypeError: string indices must be integers
2024-02-28 13:37:53,857 - [ERROR] - root - (f_service_bot_pgsql.py).f_logging(42) - f_user_check_phone: Query error: invalid input syntax for type json
LINE 1: ...88, '2024-02-28T06:37:49+00:00'::timestamptz, 'Сканер', '{')
                                                                   ^
DETAIL:  The input string ended unexpectedly.
CONTEXT:  JSON data, line 1: {
Traceback (most recent call last):
  File "C:\Users\RU20046792\Projects\Bot_sc_AIO3\utils\f_service_bot_pgsql.py", line 38, in f_logging
    cursor.execute(insert)
psycopg2.errors.InvalidTextRepresentation: invalid input syntax for type json
LINE 1: ...88, '2024-02-28T06:37:49+00:00'::timestamptz, 'Сканер', '{')
                                                                   ^
DETAIL:  The input string ended unexpectedly.
CONTEXT:  JSON data, line 1: {

2024-02-28 13:41:27,064 - [ERROR] - root - (f_service_bot_pgsql.py).f_logging(42) - f_user_check_phone: Query error: invalid input syntax for type json
LINE 1: ...88, '2024-02-28T06:41:22+00:00'::timestamptz, 'Сканер', '{')
                                                                   ^
DETAIL:  The input string ended unexpectedly.
CONTEXT:  JSON data, line 1: {
Traceback (most recent call last):
  File "C:\Users\RU20046792\Projects\Bot_sc_AIO3\utils\f_service_bot_pgsql.py", line 38, in f_logging
    cursor.execute(insert)
psycopg2.errors.InvalidTextRepresentation: invalid input syntax for type json
LINE 1: ...88, '2024-02-28T06:41:22+00:00'::timestamptz, 'Сканер', '{')
                                                                   ^
DETAIL:  The input string ended unexpectedly.
CONTEXT:  JSON data, line 1: {

2024-02-28 13:42:36,094 - [ERROR] - root - (f_service_bot_pgsql.py).f_logging(43) - f_user_check_phone: Query error: invalid input syntax for type json
LINE 1: ...88, '2024-02-28T06:42:09+00:00'::timestamptz, 'Сканер', '{')
                                                                   ^
DETAIL:  The input string ended unexpectedly.
CONTEXT:  JSON data, line 1: {
Traceback (most recent call last):
  File "C:\Users\RU20046792\Projects\Bot_sc_AIO3\utils\f_service_bot_pgsql.py", line 39, in f_logging
    cursor.execute(insert)
psycopg2.errors.InvalidTextRepresentation: invalid input syntax for type json
LINE 1: ...88, '2024-02-28T06:42:09+00:00'::timestamptz, 'Сканер', '{')
                                                                   ^
DETAIL:  The input string ended unexpectedly.
CONTEXT:  JSON data, line 1: {

2024-02-28 14:40:18,002 - [ERROR] - aiogram.event - (dispatcher.py)._process_update(315) - Cause exception while process update id=240532604 by bot id=5300290217
AttributeError: 'Message' object has no attribute 'chat_type'
Traceback (most recent call last):
  File "c:\Users\RU20046792\Projects\Bot_sc_AIO3\.venv\lib\site-packages\pydantic\main.py", line 753, in __getattr__
    return pydantic_extra[item]
KeyError: 'chat_type'

The above exception was the direct cause of the following exception:

Traceback (most recent call last):
  File "c:\Users\RU20046792\Projects\Bot_sc_AIO3\.venv\lib\site-packages\aiogram\dispatcher\dispatcher.py", line 309, in _process_update
    response = await self.feed_update(bot, update, **kwargs)
  File "c:\Users\RU20046792\Projects\Bot_sc_AIO3\.venv\lib\site-packages\aiogram\dispatcher\dispatcher.py", line 158, in feed_update
    response = await self.update.wrap_outer_middleware(
  File "c:\Users\RU20046792\Projects\Bot_sc_AIO3\.venv\lib\site-packages\aiogram\dispatcher\middlewares\error.py", line 25, in __call__
    return await handler(event, data)
  File "c:\Users\RU20046792\Projects\Bot_sc_AIO3\.venv\lib\site-packages\aiogram\dispatcher\middlewares\user_context.py", line 27, in __call__
    return await handler(event, data)
  File "c:\Users\RU20046792\Projects\Bot_sc_AIO3\.venv\lib\site-packages\aiogram\fsm\middleware.py", line 41, in __call__
    return await handler(event, data)
  File "c:\Users\RU20046792\Projects\Bot_sc_AIO3\.venv\lib\site-packages\aiogram\dispatcher\event\telegram.py", line 121, in trigger
    return await wrapped_inner(event, kwargs)
  File "c:\Users\RU20046792\Projects\Bot_sc_AIO3\.venv\lib\site-packages\aiogram\dispatcher\event\handler.py", line 43, in call
    return await wrapped()
  File "c:\Users\RU20046792\Projects\Bot_sc_AIO3\.venv\lib\site-packages\aiogram\dispatcher\dispatcher.py", line 276, in _listen_update
    return await self.propagate_event(update_type=update_type, event=event, **kwargs)
  File "c:\Users\RU20046792\Projects\Bot_sc_AIO3\.venv\lib\site-packages\aiogram\dispatcher\router.py", line 128, in propagate_event
    return await observer.wrap_outer_middleware(_wrapped, event=event, data=kwargs)
  File "c:\Users\RU20046792\Projects\Bot_sc_AIO3\.venv\lib\site-packages\aiogram\dispatcher\router.py", line 123, in _wrapped
    return await self._propagate_event(
  File "c:\Users\RU20046792\Projects\Bot_sc_AIO3\.venv\lib\site-packages\aiogram\dispatcher\router.py", line 156, in _propagate_event
    response = await router.propagate_event(update_type=update_type, event=event, **kwargs)
  File "c:\Users\RU20046792\Projects\Bot_sc_AIO3\.venv\lib\site-packages\aiogram\dispatcher\router.py", line 128, in propagate_event
    return await observer.wrap_outer_middleware(_wrapped, event=event, data=kwargs)
  File "c:\Users\RU20046792\Projects\Bot_sc_AIO3\.venv\lib\site-packages\aiogram\dispatcher\router.py", line 123, in _wrapped
    return await self._propagate_event(
  File "c:\Users\RU20046792\Projects\Bot_sc_AIO3\.venv\lib\site-packages\aiogram\dispatcher\router.py", line 148, in _propagate_event
    response = await observer.trigger(event, **kwargs)
  File "c:\Users\RU20046792\Projects\Bot_sc_AIO3\.venv\lib\site-packages\aiogram\dispatcher\event\telegram.py", line 121, in trigger
    return await wrapped_inner(event, kwargs)
  File "C:\Users\RU20046792\Projects\Bot_sc_AIO3\middlewire\middlewares.py", line 31, in __call__
    result = await handler(event, data)
  File "c:\Users\RU20046792\Projects\Bot_sc_AIO3\.venv\lib\site-packages\aiogram\dispatcher\event\handler.py", line 43, in call
    return await wrapped()
  File "C:\Users\RU20046792\Projects\Bot_sc_AIO3\handlers\different_types.py", line 33, in message_scan
    f_logging(message.message_id, message.chat.id,  message.chat_type, message.content_type, message.from_user.id,
  File "c:\Users\RU20046792\Projects\Bot_sc_AIO3\.venv\lib\site-packages\pydantic\main.py", line 755, in __getattr__
    raise AttributeError(f'{type(self).__name__!r} object has no attribute {item!r}') from exc
AttributeError: 'Message' object has no attribute 'chat_type'
2024-02-28 15:04:35,562 - [ERROR] - aiogram.event - (dispatcher.py)._process_update(315) - Cause exception while process update id=240532605 by bot id=5300290217
AttributeError: 'Message' object has no attribute 'chat_type'
Traceback (most recent call last):
  File "c:\Users\RU20046792\Projects\Bot_sc_AIO3\.venv\lib\site-packages\pydantic\main.py", line 753, in __getattr__
    return pydantic_extra[item]
KeyError: 'chat_type'

The above exception was the direct cause of the following exception:

Traceback (most recent call last):
  File "c:\Users\RU20046792\Projects\Bot_sc_AIO3\.venv\lib\site-packages\aiogram\dispatcher\dispatcher.py", line 309, in _process_update
    response = await self.feed_update(bot, update, **kwargs)
  File "c:\Users\RU20046792\Projects\Bot_sc_AIO3\.venv\lib\site-packages\aiogram\dispatcher\dispatcher.py", line 158, in feed_update
    response = await self.update.wrap_outer_middleware(
  File "c:\Users\RU20046792\Projects\Bot_sc_AIO3\.venv\lib\site-packages\aiogram\dispatcher\middlewares\error.py", line 25, in __call__
    return await handler(event, data)
  File "c:\Users\RU20046792\Projects\Bot_sc_AIO3\.venv\lib\site-packages\aiogram\dispatcher\middlewares\user_context.py", line 27, in __call__
    return await handler(event, data)
  File "c:\Users\RU20046792\Projects\Bot_sc_AIO3\.venv\lib\site-packages\aiogram\fsm\middleware.py", line 41, in __call__
    return await handler(event, data)
  File "c:\Users\RU20046792\Projects\Bot_sc_AIO3\.venv\lib\site-packages\aiogram\dispatcher\event\telegram.py", line 121, in trigger
    return await wrapped_inner(event, kwargs)
  File "c:\Users\RU20046792\Projects\Bot_sc_AIO3\.venv\lib\site-packages\aiogram\dispatcher\event\handler.py", line 43, in call
    return await wrapped()
  File "c:\Users\RU20046792\Projects\Bot_sc_AIO3\.venv\lib\site-packages\aiogram\dispatcher\dispatcher.py", line 276, in _listen_update
    return await self.propagate_event(update_type=update_type, event=event, **kwargs)
  File "c:\Users\RU20046792\Projects\Bot_sc_AIO3\.venv\lib\site-packages\aiogram\dispatcher\router.py", line 128, in propagate_event
    return await observer.wrap_outer_middleware(_wrapped, event=event, data=kwargs)
  File "c:\Users\RU20046792\Projects\Bot_sc_AIO3\.venv\lib\site-packages\aiogram\dispatcher\router.py", line 123, in _wrapped
    return await self._propagate_event(
  File "c:\Users\RU20046792\Projects\Bot_sc_AIO3\.venv\lib\site-packages\aiogram\dispatcher\router.py", line 156, in _propagate_event
    response = await router.propagate_event(update_type=update_type, event=event, **kwargs)
  File "c:\Users\RU20046792\Projects\Bot_sc_AIO3\.venv\lib\site-packages\aiogram\dispatcher\router.py", line 128, in propagate_event
    return await observer.wrap_outer_middleware(_wrapped, event=event, data=kwargs)
  File "c:\Users\RU20046792\Projects\Bot_sc_AIO3\.venv\lib\site-packages\aiogram\dispatcher\router.py", line 123, in _wrapped
    return await self._propagate_event(
  File "c:\Users\RU20046792\Projects\Bot_sc_AIO3\.venv\lib\site-packages\aiogram\dispatcher\router.py", line 148, in _propagate_event
    response = await observer.trigger(event, **kwargs)
  File "c:\Users\RU20046792\Projects\Bot_sc_AIO3\.venv\lib\site-packages\aiogram\dispatcher\event\telegram.py", line 121, in trigger
    return await wrapped_inner(event, kwargs)
  File "C:\Users\RU20046792\Projects\Bot_sc_AIO3\middlewire\middlewares.py", line 31, in __call__
    result = await handler(event, data)
  File "c:\Users\RU20046792\Projects\Bot_sc_AIO3\.venv\lib\site-packages\aiogram\dispatcher\event\handler.py", line 43, in call
    return await wrapped()
  File "C:\Users\RU20046792\Projects\Bot_sc_AIO3\handlers\different_types.py", line 33, in message_scan
    f_logging(message.message_id, message.chat.id,  message.chat_type, message.content_type, message.from_user.id,
  File "c:\Users\RU20046792\Projects\Bot_sc_AIO3\.venv\lib\site-packages\pydantic\main.py", line 755, in __getattr__
    raise AttributeError(f'{type(self).__name__!r} object has no attribute {item!r}') from exc
AttributeError: 'Message' object has no attribute 'chat_type'
2024-02-28 15:05:21,047 - [ERROR] - aiogram.event - (dispatcher.py)._process_update(315) - Cause exception while process update id=240532606 by bot id=5300290217
TypeError: f_logging() takes 7 positional arguments but 8 were given
Traceback (most recent call last):
  File "c:\Users\RU20046792\Projects\Bot_sc_AIO3\.venv\lib\site-packages\aiogram\dispatcher\dispatcher.py", line 309, in _process_update
    response = await self.feed_update(bot, update, **kwargs)
  File "c:\Users\RU20046792\Projects\Bot_sc_AIO3\.venv\lib\site-packages\aiogram\dispatcher\dispatcher.py", line 158, in feed_update
    response = await self.update.wrap_outer_middleware(
  File "c:\Users\RU20046792\Projects\Bot_sc_AIO3\.venv\lib\site-packages\aiogram\dispatcher\middlewares\error.py", line 25, in __call__
    return await handler(event, data)
  File "c:\Users\RU20046792\Projects\Bot_sc_AIO3\.venv\lib\site-packages\aiogram\dispatcher\middlewares\user_context.py", line 27, in __call__
    return await handler(event, data)
  File "c:\Users\RU20046792\Projects\Bot_sc_AIO3\.venv\lib\site-packages\aiogram\fsm\middleware.py", line 41, in __call__
    return await handler(event, data)
  File "c:\Users\RU20046792\Projects\Bot_sc_AIO3\.venv\lib\site-packages\aiogram\dispatcher\event\telegram.py", line 121, in trigger
    return await wrapped_inner(event, kwargs)
  File "c:\Users\RU20046792\Projects\Bot_sc_AIO3\.venv\lib\site-packages\aiogram\dispatcher\event\handler.py", line 43, in call
    return await wrapped()
  File "c:\Users\RU20046792\Projects\Bot_sc_AIO3\.venv\lib\site-packages\aiogram\dispatcher\dispatcher.py", line 276, in _listen_update
    return await self.propagate_event(update_type=update_type, event=event, **kwargs)
  File "c:\Users\RU20046792\Projects\Bot_sc_AIO3\.venv\lib\site-packages\aiogram\dispatcher\router.py", line 128, in propagate_event
    return await observer.wrap_outer_middleware(_wrapped, event=event, data=kwargs)
  File "c:\Users\RU20046792\Projects\Bot_sc_AIO3\.venv\lib\site-packages\aiogram\dispatcher\router.py", line 123, in _wrapped
    return await self._propagate_event(
  File "c:\Users\RU20046792\Projects\Bot_sc_AIO3\.venv\lib\site-packages\aiogram\dispatcher\router.py", line 156, in _propagate_event
    response = await router.propagate_event(update_type=update_type, event=event, **kwargs)
  File "c:\Users\RU20046792\Projects\Bot_sc_AIO3\.venv\lib\site-packages\aiogram\dispatcher\router.py", line 128, in propagate_event
    return await observer.wrap_outer_middleware(_wrapped, event=event, data=kwargs)
  File "c:\Users\RU20046792\Projects\Bot_sc_AIO3\.venv\lib\site-packages\aiogram\dispatcher\router.py", line 123, in _wrapped
    return await self._propagate_event(
  File "c:\Users\RU20046792\Projects\Bot_sc_AIO3\.venv\lib\site-packages\aiogram\dispatcher\router.py", line 148, in _propagate_event
    response = await observer.trigger(event, **kwargs)
  File "c:\Users\RU20046792\Projects\Bot_sc_AIO3\.venv\lib\site-packages\aiogram\dispatcher\event\telegram.py", line 121, in trigger
    return await wrapped_inner(event, kwargs)
  File "C:\Users\RU20046792\Projects\Bot_sc_AIO3\middlewire\middlewares.py", line 31, in __call__
    result = await handler(event, data)
  File "c:\Users\RU20046792\Projects\Bot_sc_AIO3\.venv\lib\site-packages\aiogram\dispatcher\event\handler.py", line 43, in call
    return await wrapped()
  File "C:\Users\RU20046792\Projects\Bot_sc_AIO3\handlers\different_types.py", line 33, in message_scan
    f_logging(message.message_id, message.chat.id, message.chat.type, message.content_type, message.from_user.id,
TypeError: f_logging() takes 7 positional arguments but 8 were given
2024-02-28 16:03:22,404 - [ERROR] - aiogram.event - (dispatcher.py)._process_update(315) - Cause exception while process update id=240532607 by bot id=5300290217
AttributeError: 'Message' object has no attribute 'chat_type'
Traceback (most recent call last):
  File "c:\Users\RU20046792\Projects\Bot_sc_AIO3\.venv\lib\site-packages\pydantic\main.py", line 753, in __getattr__
    return pydantic_extra[item]
KeyError: 'chat_type'

The above exception was the direct cause of the following exception:

Traceback (most recent call last):
  File "c:\Users\RU20046792\Projects\Bot_sc_AIO3\.venv\lib\site-packages\aiogram\dispatcher\dispatcher.py", line 309, in _process_update
    response = await self.feed_update(bot, update, **kwargs)
  File "c:\Users\RU20046792\Projects\Bot_sc_AIO3\.venv\lib\site-packages\aiogram\dispatcher\dispatcher.py", line 158, in feed_update
    response = await self.update.wrap_outer_middleware(
  File "c:\Users\RU20046792\Projects\Bot_sc_AIO3\.venv\lib\site-packages\aiogram\dispatcher\middlewares\error.py", line 25, in __call__
    return await handler(event, data)
  File "c:\Users\RU20046792\Projects\Bot_sc_AIO3\.venv\lib\site-packages\aiogram\dispatcher\middlewares\user_context.py", line 27, in __call__
    return await handler(event, data)
  File "c:\Users\RU20046792\Projects\Bot_sc_AIO3\.venv\lib\site-packages\aiogram\fsm\middleware.py", line 41, in __call__
    return await handler(event, data)
  File "c:\Users\RU20046792\Projects\Bot_sc_AIO3\.venv\lib\site-packages\aiogram\dispatcher\event\telegram.py", line 121, in trigger
    return await wrapped_inner(event, kwargs)
  File "c:\Users\RU20046792\Projects\Bot_sc_AIO3\.venv\lib\site-packages\aiogram\dispatcher\event\handler.py", line 43, in call
    return await wrapped()
  File "c:\Users\RU20046792\Projects\Bot_sc_AIO3\.venv\lib\site-packages\aiogram\dispatcher\dispatcher.py", line 276, in _listen_update
    return await self.propagate_event(update_type=update_type, event=event, **kwargs)
  File "c:\Users\RU20046792\Projects\Bot_sc_AIO3\.venv\lib\site-packages\aiogram\dispatcher\router.py", line 128, in propagate_event
    return await observer.wrap_outer_middleware(_wrapped, event=event, data=kwargs)
  File "c:\Users\RU20046792\Projects\Bot_sc_AIO3\.venv\lib\site-packages\aiogram\dispatcher\router.py", line 123, in _wrapped
    return await self._propagate_event(
  File "c:\Users\RU20046792\Projects\Bot_sc_AIO3\.venv\lib\site-packages\aiogram\dispatcher\router.py", line 156, in _propagate_event
    response = await router.propagate_event(update_type=update_type, event=event, **kwargs)
  File "c:\Users\RU20046792\Projects\Bot_sc_AIO3\.venv\lib\site-packages\aiogram\dispatcher\router.py", line 128, in propagate_event
    return await observer.wrap_outer_middleware(_wrapped, event=event, data=kwargs)
  File "c:\Users\RU20046792\Projects\Bot_sc_AIO3\.venv\lib\site-packages\aiogram\dispatcher\router.py", line 123, in _wrapped
    return await self._propagate_event(
  File "c:\Users\RU20046792\Projects\Bot_sc_AIO3\.venv\lib\site-packages\aiogram\dispatcher\router.py", line 148, in _propagate_event
    response = await observer.trigger(event, **kwargs)
  File "c:\Users\RU20046792\Projects\Bot_sc_AIO3\.venv\lib\site-packages\aiogram\dispatcher\event\telegram.py", line 121, in trigger
    return await wrapped_inner(event, kwargs)
  File "C:\Users\RU20046792\Projects\Bot_sc_AIO3\middlewire\middlewares.py", line 31, in __call__
    result = await handler(event, data)
  File "c:\Users\RU20046792\Projects\Bot_sc_AIO3\.venv\lib\site-packages\aiogram\dispatcher\event\handler.py", line 43, in call
    return await wrapped()
  File "C:\Users\RU20046792\Projects\Bot_sc_AIO3\handlers\different_types.py", line 95, in pure_answer
    f_logging(message.message_id, message.chat.id,  message.chat_type, message.content_type, message.from_user.id,
  File "c:\Users\RU20046792\Projects\Bot_sc_AIO3\.venv\lib\site-packages\pydantic\main.py", line 755, in __getattr__
    raise AttributeError(f'{type(self).__name__!r} object has no attribute {item!r}') from exc
AttributeError: 'Message' object has no attribute 'chat_type'
2024-02-28 18:07:37,920 - [ERROR] - aiogram.event - (dispatcher.py)._process_update(315) - Cause exception while process update id=240532614 by bot id=5300290217
TypeError: Object of type Location is not JSON serializable
Traceback (most recent call last):
  File "c:\Users\RU20046792\Projects\Bot_sc_AIO3\.venv\lib\site-packages\aiogram\dispatcher\dispatcher.py", line 309, in _process_update
    response = await self.feed_update(bot, update, **kwargs)
  File "c:\Users\RU20046792\Projects\Bot_sc_AIO3\.venv\lib\site-packages\aiogram\dispatcher\dispatcher.py", line 158, in feed_update
    response = await self.update.wrap_outer_middleware(
  File "c:\Users\RU20046792\Projects\Bot_sc_AIO3\.venv\lib\site-packages\aiogram\dispatcher\middlewares\error.py", line 25, in __call__
    return await handler(event, data)
  File "c:\Users\RU20046792\Projects\Bot_sc_AIO3\.venv\lib\site-packages\aiogram\dispatcher\middlewares\user_context.py", line 27, in __call__
    return await handler(event, data)
  File "c:\Users\RU20046792\Projects\Bot_sc_AIO3\.venv\lib\site-packages\aiogram\fsm\middleware.py", line 41, in __call__
    return await handler(event, data)
  File "c:\Users\RU20046792\Projects\Bot_sc_AIO3\.venv\lib\site-packages\aiogram\dispatcher\event\telegram.py", line 121, in trigger
    return await wrapped_inner(event, kwargs)
  File "c:\Users\RU20046792\Projects\Bot_sc_AIO3\.venv\lib\site-packages\aiogram\dispatcher\event\handler.py", line 43, in call
    return await wrapped()
  File "c:\Users\RU20046792\Projects\Bot_sc_AIO3\.venv\lib\site-packages\aiogram\dispatcher\dispatcher.py", line 276, in _listen_update
    return await self.propagate_event(update_type=update_type, event=event, **kwargs)
  File "c:\Users\RU20046792\Projects\Bot_sc_AIO3\.venv\lib\site-packages\aiogram\dispatcher\router.py", line 128, in propagate_event
    return await observer.wrap_outer_middleware(_wrapped, event=event, data=kwargs)
  File "c:\Users\RU20046792\Projects\Bot_sc_AIO3\.venv\lib\site-packages\aiogram\dispatcher\router.py", line 123, in _wrapped
    return await self._propagate_event(
  File "c:\Users\RU20046792\Projects\Bot_sc_AIO3\.venv\lib\site-packages\aiogram\dispatcher\router.py", line 156, in _propagate_event
    response = await router.propagate_event(update_type=update_type, event=event, **kwargs)
  File "c:\Users\RU20046792\Projects\Bot_sc_AIO3\.venv\lib\site-packages\aiogram\dispatcher\router.py", line 128, in propagate_event
    return await observer.wrap_outer_middleware(_wrapped, event=event, data=kwargs)
  File "c:\Users\RU20046792\Projects\Bot_sc_AIO3\.venv\lib\site-packages\aiogram\dispatcher\router.py", line 123, in _wrapped
    return await self._propagate_event(
  File "c:\Users\RU20046792\Projects\Bot_sc_AIO3\.venv\lib\site-packages\aiogram\dispatcher\router.py", line 148, in _propagate_event
    response = await observer.trigger(event, **kwargs)
  File "c:\Users\RU20046792\Projects\Bot_sc_AIO3\.venv\lib\site-packages\aiogram\dispatcher\event\telegram.py", line 121, in trigger
    return await wrapped_inner(event, kwargs)
  File "C:\Users\RU20046792\Projects\Bot_sc_AIO3\middlewire\middlewares.py", line 31, in __call__
    result = await handler(event, data)
  File "c:\Users\RU20046792\Projects\Bot_sc_AIO3\.venv\lib\site-packages\aiogram\dispatcher\event\handler.py", line 43, in call
    return await wrapped()
  File "C:\Users\RU20046792\Projects\Bot_sc_AIO3\handlers\different_types.py", line 24, in loc_user
    f_logging(message.from_user.id,  message.chat.id,
  File "C:\Users\RU20046792\Projects\Bot_sc_AIO3\utils\f_service_bot_pgsql.py", line 41, in f_logging
    (from_user_id, json.dumps(message), text_, message_id, date_dt)
  File "C:\Users\RU20046792\AppData\Local\Programs\Python\Python310\lib\json\__init__.py", line 231, in dumps
    return _default_encoder.encode(obj)
  File "C:\Users\RU20046792\AppData\Local\Programs\Python\Python310\lib\json\encoder.py", line 199, in encode
    chunks = self.iterencode(o, _one_shot=True)
  File "C:\Users\RU20046792\AppData\Local\Programs\Python\Python310\lib\json\encoder.py", line 257, in iterencode
    return _iterencode(o, 0)
  File "C:\Users\RU20046792\AppData\Local\Programs\Python\Python310\lib\json\encoder.py", line 179, in default
    raise TypeError(f'Object of type {o.__class__.__name__} '
TypeError: Object of type Location is not JSON serializable
